[store]02cf5d16-d92d-4e24-b194-632f4bd0e632
hujian MemKit
[store]07cda962-d66f-4058-8a37-72f27b1e70b5
hujian MemKit
[store]0b17b3c0-e037-4db5-aff1-6a882ecc85e6
hujian MemKit
[store]0b88709e-85e8-4fdf-b6d4-f80e0356aae5
hujian MemKit
[store]0c2bbe08-3464-4b98-907f-2dd8e9c2c30a
hujian MemKit
[store]0ca1d2ee-55fe-41c6-9888-30b42bc2c2dd
hujian MemKit
[store]0dad6e07-14fc-4e30-b4c0-43cd809e07b3
hujian MemKit
[store]1103ba9a-1ce0-46b6-a711-65e8e02ec359
hujian MemKit
[store]1310561
hujian 24
hujiana 99
libai 25
[store]1335e947-7d01-4d00-9a80-987d13f5620c
hujian MemKit
[store]15179d58-13cb-4c4a-9d96-2b0d0af17bd6
hujian MemKit
[store]15852c0e-eea6-44af-92d3-529e84e5e5f3
hujian MemKit
[store]15e3f25f-4085-411b-a153-4307865ad78c
hujian MemKit
[store]1676b2b9-57fa-4a33-83d3-b134f714ae91
hujian MemKit
[store]169ba0fc-93c9-48df-9e81-2f0be110123d
hujian MemKit
[store]1b69d3db-a3cc-49d1-9055-864f41409e20
hujian MemKit
[store]1fa96922-2881-43d1-bff8-78b14eca4e86
hujian MemKit
[store]2275b0a2-1ef6-4165-9caa-b3e2b11997ed
hujian MemKit
[store]2365de52-457c-4a6e-8e45-fef3f4560970
hujian MemKit
[store]252a6989-3436-4c01-8ebe-249d8fffc5a0
hujian MemKit
[store]2b4ae844-a601-43c9-811c-32d63e57fe3e
hujian MemKit
[store]2dba806e-5933-421b-be81-a78cacd9e159
hujian MemKit
[store]2de3acfa-e84a-42fe-a5f3-1191c2f20cc6
hujian MemKit
[store]2fcf3d57-419f-4fad-85bc-0d1e18a5f56a
hujian MemKit
[store]300c68f1-835b-4764-97e5-c8abe652d31c
hujian MemKit
[store]3039e60e-c6c7-4e35-99c1-68e19a0799c3
hujian MemKit
[store]305ed20e-5ec4-4f4e-9620-f9174667ff4f
hujian MemKit
[store]34dc200e-4c84-4934-8c58-4ef59df52775
hujian MemKit
[store]34f5c628-0b48-4108-a489-77e7f511ff81
hujian MemKit
[store]3720c3a8-7220-426c-bf6d-93a4ed3ad7dc
hujian MemKit
[store]390142f1-083e-4c39-9c9a-d708c150baaf
hujian MemKit
[store]3a1df826-a9bd-4f1d-a113-06450d58ac2b
hujian MemKit
[store]3ad5d52f-5285-4d0f-b6ba-d49a28b07984
hujian MemKit
[store]3f8863d5-a7ad-485d-a824-8c24cdcb9db4
hujian MemKit
[store]418b9adb-c16e-4a1e-9edc-00bb64feee12
hujian MemKit
[store]4387f65a-af22-4d95-aafc-7bc91b6600fd
hujian MemKit
[store]49a16ca2-b09f-48ca-a4a5-0e5a3ee46faf
hujian MemKit
[store]4bd7c186-4bcc-407f-a73a-caeb52c2ce9c
hujian MemKit
[store]4d010243-d268-4b6c-9a83-4e59eca74037
hujian MemKit
[store]52d1e21e-2f82-4451-b918-758f863566da
hujian MemKit
[store]54251914-6f75-4cb0-93a5-c9e7654c8114
hujian MemKit
[store]542bb135-e2a0-4b05-bf8c-8aafd47d5b06
hujian MemKit
[store]544e413b-0dba-4a7f-b735-eab659b06e1b
hujian MemKit
[store]5491c111-2324-4018-84f9-9d75ca1e89b7
hujian MemKit
[store]54cdbb62-c7e7-4f2d-98c8-2ff6e95e21e9
hujian MemKit
[store]5918a04a-7305-4d8a-8c87-115db684c8c1
hujian MemKit
[store]5e904e18-eafe-4fe0-97ae-5006d915dd31
hujian MemKit
[store]61301ec9-a7ed-49bd-9688-a64333efdbeb
hujian MemKit
[store]6607b774-074e-4aaa-ba68-ea96f95863f0
hujian MemKit
[store]660aa7af-8202-4ac9-8aab-48364679fef9
hujian MemKit
[store]6b45c2bd-841b-459c-8aee-79f79385f68c
hujian MemKit
[store]6e7d3829-401b-4acf-b9bd-d429cb11a37c
hujian MemKit
[store]6efc31dd-2fc2-4e35-b8d1-db7a82a68851
hujian MemKit
[store]70e76da9-787d-4727-bc17-b12dfc23675c
hujian MemKit
[store]75a0040e-3062-49ac-887b-025bd72cc7c0
hujian MemKit
[store]79129b04-5121-49c4-8019-12332b9cf7c5
hujian MemKit
[store]79c342f3-d308-43bd-a8f2-039571500f41
hujian MemKit
[store]7e21ec90-91c3-49ae-8d64-96870dc195c4
hujian MemKit
[store]7e298949-7280-473a-84a6-21407c4daf13
hujian MemKit
[store]7e9e4c26-e656-49a7-93f2-bbbf8977f76c
hujian MemKit
[store]83143f3c-ae5d-451b-80aa-d49fe4d1fdb3
hujian MemKit
[store]85ed96b3-a993-4ac3-a2c9-832e3c89040d
hujian MemKit
[store]8615bd9c-17a0-48f9-9b08-f5e6d9738740
hujian MemKit
[store]868e50c0-a58c-431f-af56-e10ac9be290f
hujian MemKit
[store]875cf3a2-6eaa-4ed3-80d1-49da862dbc75
hujian MemKit
[store]8a3e8199-248e-4bbe-81e9-35065a343750
hujian MemKit
[store]8aa35eb1-5e88-4a83-aedc-165e0b0cc9b5
hujian MemKit
[store]91e50f10-6f66-4467-a3b4-8eacfe8e1bae
hujian MemKit
[store]9750f679-10f1-442a-95b8-a54652e85470
hujian MemKit
[store]976b6545-05a2-4215-a4e4-f430c876d844
hujian MemKit
[store]98a60ade-83fe-4400-9486-4ed7623ba63f
hujian MemKit
[store]9c05d885-12d6-4665-a333-00922815fc90
hujian MemKit
[store]9f460f9e-6558-464b-a8bb-c0f84f2495f6
hujian MemKit
[store]a068295b-92b7-4b0b-aab7-adc4272b238d
hujian MemKit
[store]a1f88373-889d-4a71-befd-8a3b396b3daa
hujian MemKit
[store]a2788456-a4e8-43bc-afb8-5f1476517ef6
hujian MemKit
[store]a3fa4d6d-7ee5-4621-b6f9-0a1e1cc74065
hujian MemKit
[store]a76a77e4-c23f-4d33-987a-10b5e420a708
hujian MemKit
[store]a90bb2d1-3b22-48b4-b0ca-70f38280747f
hujian MemKit
[store]aef8bf4a-621a-4c48-9751-1f8ec89043f1
hujian MemKit
[store]af9df4f4-0ff3-48f7-a2a5-68fc92111db5
hujian MemKit
[store]b0122922-b797-410a-853c-ada53f99362f
hujian MemKit
[store]b585bdfd-308f-47dd-9ebd-1f60b6722372
hujian MemKit
[store]b7fa7102-0c2e-4c1e-9ab8-bc1eeeef76f5
hujian MemKit
[store]b8ca079c-ff86-47da-9a67-94be1c0fbbf2
hujian MemKit
[store]bf866d70-3c64-4b68-a49c-fe08126b7457
hujian MemKit
[store]c634c4c3-0163-4be1-b694-d7417edc8f11
hujian MemKit
[store]cc220aa9-44d6-4a75-b743-d23fd6488a46
hujian MemKit
[store]ceb0b311-23a3-4116-bc71-e1312f70fbc9
hujian MemKit
[store]cebb585b-a87c-41d9-ac15-d9565100715d
hujian MemKit
[store]dbbc00ef-a039-4ef1-affc-4a7958c54bf0
hujian MemKit
[store]ddcdd838-b17e-4e1c-9776-0585062410f7
hujian MemKit
[store]e33b85e2-3c70-43e8-8c07-dfcdd180566f
hujian MemKit
[store]e3810845-b599-458e-a504-5aee210f4e44
hujian MemKit
[store]ebcb9614-e54e-4809-99f0-61a5bc5855bc
hujian MemKit
[store]eeba84b6-0681-46d8-a10c-87f778a114c4
hujian MemKit
[store]f40af338-1c11-4295-a0ba-cbef07524e91
hujian MemKit
[store]fa67f37f-f786-466b-a063-9174d2f2a244
hujian MemKit
[store]fc65da3b-efd1-4629-bca7-4eac5886dd43
hujian MemKit
[store]fc8c6bb1-ea88-4899-b222-1049e110ae5a
hujian MemKit
[store]fd071356-7a6c-4313-ac10-f09b8e79c8cc
hujian MemKit
[store]hujian
memkit 1.1
[store]libai
changex 2.1
